Oct 15, 2018 6:53:19 PM assignment2.Assignment2 sqlOperations
INFO: Enter a number: 0 to exit, 1 to Create, 2 to Update, 3 to Get, 4 to Get all, 5 to remove
Oct 15, 2018 6:53:26 PM assignment2.Assignment2 sqlOperations
INFO: Create Transaction initialised
Oct 15, 2018 6:53:26 PM assignment2.Assignment2 setTransactionObject
INFO: Enter Transaction Id
Oct 15, 2018 6:53:35 PM assignment2.Assignment2 setTransactionObject
INFO: Enter Name On Card
Oct 15, 2018 6:53:42 PM assignment2.Assignment2 setTransactionObject
INFO: Enter Card Number
Oct 15, 2018 6:54:05 PM assignment2.Assignment2 setTransactionObject
INFO: Enter Unit Price
Oct 15, 2018 6:54:07 PM assignment2.Assignment2 setTransactionObject
INFO: Enter Quantity
Oct 15, 2018 6:54:09 PM assignment2.Assignment2 setTransactionObject
INFO: Enter Total Price
Oct 15, 2018 6:54:11 PM assignment2.Assignment2 setTransactionObject
INFO: Enter Expiry Date (MM/YYYY)
Oct 15, 2018 6:54:19 PM assignment2.Assignment2 sqlOperations
INFO: Operation Successful
Oct 15, 2018 6:54:19 PM assignment2.Assignment2 sqlOperations
INFO: Enter a number: 0 to exit, 1 to Create, 2 to Update, 3 to Get, 4 to Get all, 5 to remove
Oct 15, 2018 6:54:25 PM assignment2.Assignment2 sqlOperations
INFO: Get Transaction initialised
Oct 15, 2018 6:54:25 PM assignment2.Assignment2 sqlOperations
INFO: Enter Transaction Id
Oct 15, 2018 6:54:27 PM assignment2.Assignment2 sqlOperations
INFO: [id:11 ,nameOnCard:Sreeraj Punnoli ,cardNo:4000400040004000 ,unitPrice:10.0 ,quantity:10 ,totalPrice:100.0 ,expDate:10/2022 ,createdOn:2018-10-15 18:54:19.0 ,createdBy:Sreeraj ,cardType:Visa]
Oct 15, 2018 6:54:27 PM assignment2.Assignment2 sqlOperations
INFO: Operation Successful
Oct 15, 2018 6:54:27 PM assignment2.Assignment2 sqlOperations
INFO: Enter a number: 0 to exit, 1 to Create, 2 to Update, 3 to Get, 4 to Get all, 5 to remove
Oct 15, 2018 6:55:25 PM assignment2.Assignment2 sqlOperations
INFO: Update Transaction initialised
Oct 15, 2018 6:55:25 PM assignment2.Assignment2 updateTransactionObject
INFO: Enter Transaction Id
Oct 15, 2018 6:55:28 PM assignment2.Assignment2 updateTransactionObject
INFO: Enter columns (seperated by ,) to be changed
Oct 15, 2018 6:55:28 PM assignment2.Assignment2 updateTransactionObject
INFO: Enter 0 for nameOnCard, 1 for cardNo, 2 for unitPrice, 3 for quantity, 4 for totalPrice, 5 for expDate
Oct 15, 2018 6:55:33 PM assignment2.Assignment2 updateTransactionObject
INFO: Enter Name On Card
Oct 15, 2018 6:55:40 PM assignment2.Assignment2 updateTransactionObject
INFO: Enter Card Number
Oct 15, 2018 6:55:52 PM assignment2.Assignment2 sqlOperations
INFO: Operation Successful
Oct 15, 2018 6:55:52 PM assignment2.Assignment2 sqlOperations
INFO: Enter a number: 0 to exit, 1 to Create, 2 to Update, 3 to Get, 4 to Get all, 5 to remove
Oct 15, 2018 6:55:55 PM assignment2.Assignment2 sqlOperations
INFO: Get Transaction initialised
Oct 15, 2018 6:55:55 PM assignment2.Assignment2 sqlOperations
INFO: Enter Transaction Id
Oct 15, 2018 6:55:57 PM assignment2.Assignment2 sqlOperations
INFO: [id:11 ,nameOnCard:Sreeraj Punnoli ,cardNo:5100300040005000 ,unitPrice:10.0 ,quantity:10 ,totalPrice:100.0 ,expDate:10/2022 ,createdOn:2018-10-15 18:54:19.0 ,createdBy:Sreeraj ,cardType:MasterCard]
Oct 15, 2018 6:55:57 PM assignment2.Assignment2 sqlOperations
INFO: Operation Successful
Oct 15, 2018 6:55:57 PM assignment2.Assignment2 sqlOperations
INFO: Enter a number: 0 to exit, 1 to Create, 2 to Update, 3 to Get, 4 to Get all, 5 to remove
Oct 15, 2018 6:56:01 PM assignment2.Assignment2 sqlOperations
INFO: Create Transaction initialised
Oct 15, 2018 6:56:01 PM assignment2.Assignment2 setTransactionObject
INFO: Enter Transaction Id
Oct 15, 2018 6:56:03 PM assignment2.Assignment2 setTransactionObject
INFO: Enter Name On Card
Oct 15, 2018 6:56:07 PM assignment2.Assignment2 setTransactionObject
INFO: Enter Card Number
Oct 15, 2018 6:56:21 PM assignment2.Assignment2 setTransactionObject
INFO: Enter Unit Price
Oct 15, 2018 6:56:23 PM assignment2.Assignment2 setTransactionObject
INFO: Enter Quantity
Oct 15, 2018 6:56:25 PM assignment2.Assignment2 setTransactionObject
INFO: Enter Total Price
Oct 15, 2018 6:56:27 PM assignment2.Assignment2 setTransactionObject
INFO: Enter Expiry Date (MM/YYYY)
Oct 15, 2018 6:56:34 PM assignment2.MySQLTransaction createTransaction
SEVERE: Transaction already exits|Only Updation is possible|java.sql.SQLIntegrityConstraintViolationException: Duplicate entry '11' for key 'PRIMARY'
Oct 15, 2018 6:56:34 PM assignment2.Assignment2 sqlOperations
INFO: Operation UnSuccessful
Oct 15, 2018 6:56:34 PM assignment2.Assignment2 sqlOperations
INFO: Enter a number: 0 to exit, 1 to Create, 2 to Update, 3 to Get, 4 to Get all, 5 to remove
Oct 15, 2018 6:56:39 PM assignment2.Assignment2 sqlOperations
INFO: Remove Transaction initialised
Oct 15, 2018 6:56:39 PM assignment2.Assignment2 sqlOperations
INFO: Enter Transaction Id
Oct 15, 2018 6:56:41 PM assignment2.Assignment2 sqlOperations
INFO: Operation Successful
Oct 15, 2018 6:56:41 PM assignment2.Assignment2 sqlOperations
INFO: Enter a number: 0 to exit, 1 to Create, 2 to Update, 3 to Get, 4 to Get all, 5 to remove
Oct 15, 2018 6:56:43 PM assignment2.Assignment2 sqlOperations
INFO: Create Transaction initialised
Oct 15, 2018 6:56:43 PM assignment2.Assignment2 setTransactionObject
INFO: Enter Transaction Id
Oct 15, 2018 6:56:45 PM assignment2.Assignment2 setTransactionObject
INFO: Enter Name On Card
Oct 15, 2018 6:56:56 PM assignment2.Assignment2 setTransactionObject
INFO: Enter Card Number
Oct 15, 2018 6:57:05 PM assignment2.Assignment2 setTransactionObject
INFO: Enter Unit Price
Oct 15, 2018 6:57:10 PM assignment2.Assignment2 setTransactionObject
INFO: Enter Quantity
Oct 15, 2018 6:57:12 PM assignment2.Assignment2 setTransactionObject
INFO: Enter Total Price
Oct 15, 2018 6:57:14 PM assignment2.Assignment2 setTransactionObject
INFO: Enter Expiry Date (MM/YYYY)
Oct 15, 2018 6:57:19 PM assignment2.Assignment2 sqlOperations
INFO: Operation Successful
Oct 15, 2018 6:57:19 PM assignment2.Assignment2 sqlOperations
INFO: Enter a number: 0 to exit, 1 to Create, 2 to Update, 3 to Get, 4 to Get all, 5 to remove
Oct 15, 2018 6:57:25 PM assignment2.Assignment2 sqlOperations
INFO: Get all Transaction initialised
Oct 15, 2018 6:57:25 PM assignment2.Assignment2 sqlOperations
INFO: [id:1 ,nameOnCard:SReeraj ,cardNo:5500450012827898 ,unitPrice:100.0 ,quantity:2 ,totalPrice:1000.0 ,expDate:09/2021 ,createdOn:2018-10-11 22:14:37.0 ,createdBy:Sreeraj Punnoli ,cardType:MasterCard]
Oct 15, 2018 6:57:25 PM assignment2.Assignment2 sqlOperations
INFO: [id:5 ,nameOnCard:Sree ,cardNo:4100789078907890 ,unitPrice:10.0 ,quantity:2 ,totalPrice:20.0 ,expDate:12/2020 ,createdOn:2018-10-14 21:00:00.0 ,createdBy:Sreeraj ,cardType:Visa]
Oct 15, 2018 6:57:25 PM assignment2.Assignment2 sqlOperations
INFO: [id:10 ,nameOnCard:Sreeraj Punnoli ,cardNo:340040005000700 ,unitPrice:1000.0 ,quantity:2 ,totalPrice:2000.0 ,expDate:12/2022 ,createdOn:2018-10-14 23:35:34.0 ,createdBy:Sreeraj ,cardType:American Express]
Oct 15, 2018 6:57:25 PM assignment2.Assignment2 sqlOperations
INFO: [id:11 ,nameOnCard:Sree ,cardNo:370030004000500 ,unitPrice:100.0 ,quantity:10 ,totalPrice:1000.0 ,expDate:12/2023 ,createdOn:2018-10-15 18:57:20.0 ,createdBy:Sreeraj ,cardType:American Express]
Oct 15, 2018 6:57:25 PM assignment2.Assignment2 sqlOperations
INFO: [id:100 ,nameOnCard:Sreeraj Punnoli ,cardNo:370050006000700 ,unitPrice:10.0 ,quantity:10 ,totalPrice:100.0 ,expDate:12/2021 ,createdOn:2018-10-15 17:33:09.0 ,createdBy:Sreeraj ,cardType:American Express]
Oct 15, 2018 6:57:25 PM assignment2.Assignment2 sqlOperations
INFO: [id:1000 ,nameOnCard:Sreeraj P ,cardNo:5100510051004000 ,unitPrice:10.0 ,quantity:10 ,totalPrice:100.0 ,expDate:12/2022 ,createdOn:2018-10-15 18:13:25.0 ,createdBy:Sreeraj ,cardType:MasterCard]
Oct 15, 2018 6:57:25 PM assignment2.Assignment2 sqlOperations
INFO: Operation Successful
Oct 15, 2018 6:57:25 PM assignment2.Assignment2 sqlOperations
INFO: Enter a number: 0 to exit, 1 to Create, 2 to Update, 3 to Get, 4 to Get all, 5 to remove
Oct 15, 2018 6:57:29 PM assignment2.Assignment2 sqlOperations
INFO: Exiting...
Oct 15, 2018 6:57:29 PM assignment2.Assignment2 sqlOperations
INFO: Operation Successful
